[      75ms] [WARNING] Alpine Warning: You can't use [x-collapse] without first installing the "Collapse" plugin here: https://alpinejs.dev/plugins/collapse JSHandle@node @ https://cdn.jsdelivr.net/npm/alpinejs@3.x.x/dist/cdn.min.js:4
[      76ms] [WARNING] Alpine Warning: You can't use [x-collapse] without first installing the "Collapse" plugin here: https://alpinejs.dev/plugins/collapse JSHandle@node @ https://cdn.jsdelivr.net/npm/alpinejs@3.x.x/dist/cdn.min.js:4
[      76ms] [WARNING] Alpine Warning: You can't use [x-collapse] without first installing the "Collapse" plugin here: https://alpinejs.dev/plugins/collapse JSHandle@node @ https://cdn.jsdelivr.net/npm/alpinejs@3.x.x/dist/cdn.min.js:4
[      77ms] [WARNING] Alpine Warning: You can't use [x-collapse] without first installing the "Collapse" plugin here: https://alpinejs.dev/plugins/collapse JSHandle@node @ https://cdn.jsdelivr.net/npm/alpinejs@3.x.x/dist/cdn.min.js:4
[      77ms] [WARNING] Alpine Warning: You can't use [x-collapse] without first installing the "Collapse" plugin here: https://alpinejs.dev/plugins/collapse JSHandle@node @ https://cdn.jsdelivr.net/npm/alpinejs@3.x.x/dist/cdn.min.js:4
[      78ms] [WARNING] Alpine Warning: You can't use [x-collapse] without first installing the "Collapse" plugin here: https://alpinejs.dev/plugins/collapse JSHandle@node @ https://cdn.jsdelivr.net/npm/alpinejs@3.x.x/dist/cdn.min.js:4
[      78ms] [WARNING] Alpine Warning: You can't use [x-collapse] without first installing the "Collapse" plugin here: https://alpinejs.dev/plugins/collapse JSHandle@node @ https://cdn.jsdelivr.net/npm/alpinejs@3.x.x/dist/cdn.min.js:4
[      78ms] [WARNING] Alpine Warning: You can't use [x-collapse] without first installing the "Collapse" plugin here: https://alpinejs.dev/plugins/collapse JSHandle@node @ https://cdn.jsdelivr.net/npm/alpinejs@3.x.x/dist/cdn.min.js:4
[      79ms] [WARNING] Alpine Warning: You can't use [x-collapse] without first installing the "Collapse" plugin here: https://alpinejs.dev/plugins/collapse JSHandle@node @ https://cdn.jsdelivr.net/npm/alpinejs@3.x.x/dist/cdn.min.js:4
[      79ms] [WARNING] Alpine Warning: You can't use [x-collapse] without first installing the "Collapse" plugin here: https://alpinejs.dev/plugins/collapse JSHandle@node @ https://cdn.jsdelivr.net/npm/alpinejs@3.x.x/dist/cdn.min.js:4
[      80ms] [WARNING] Alpine Warning: You can't use [x-collapse] without first installing the "Collapse" plugin here: https://alpinejs.dev/plugins/collapse JSHandle@node @ https://cdn.jsdelivr.net/npm/alpinejs@3.x.x/dist/cdn.min.js:4
[      80ms] [WARNING] Alpine Warning: You can't use [x-collapse] without first installing the "Collapse" plugin here: https://alpinejs.dev/plugins/collapse JSHandle@node @ https://cdn.jsdelivr.net/npm/alpinejs@3.x.x/dist/cdn.min.js:4
[      80ms] [WARNING] Alpine Warning: You can't use [x-collapse] without first installing the "Collapse" plugin here: https://alpinejs.dev/plugins/collapse JSHandle@node @ https://cdn.jsdelivr.net/npm/alpinejs@3.x.x/dist/cdn.min.js:4
[      81ms] [WARNING] Alpine Warning: You can't use [x-collapse] without first installing the "Collapse" plugin here: https://alpinejs.dev/plugins/collapse JSHandle@node @ https://cdn.jsdelivr.net/npm/alpinejs@3.x.x/dist/cdn.min.js:4
[      81ms] [WARNING] Alpine Warning: You can't use [x-collapse] without first installing the "Collapse" plugin here: https://alpinejs.dev/plugins/collapse JSHandle@node @ https://cdn.jsdelivr.net/npm/alpinejs@3.x.x/dist/cdn.min.js:4
[      83ms] [WARNING] Alpine Warning: You can't use [x-collapse] without first installing the "Collapse" plugin here: https://alpinejs.dev/plugins/collapse JSHandle@node @ https://cdn.jsdelivr.net/npm/alpinejs@3.x.x/dist/cdn.min.js:4
[      83ms] [WARNING] Alpine Warning: You can't use [x-collapse] without first installing the "Collapse" plugin here: https://alpinejs.dev/plugins/collapse JSHandle@node @ https://cdn.jsdelivr.net/npm/alpinejs@3.x.x/dist/cdn.min.js:4
[      84ms] [WARNING] Alpine Warning: You can't use [x-collapse] without first installing the "Collapse" plugin here: https://alpinejs.dev/plugins/collapse JSHandle@node @ https://cdn.jsdelivr.net/npm/alpinejs@3.x.x/dist/cdn.min.js:4
[      84ms] [WARNING] Alpine Warning: You can't use [x-collapse] without first installing the "Collapse" plugin here: https://alpinejs.dev/plugins/collapse JSHandle@node @ https://cdn.jsdelivr.net/npm/alpinejs@3.x.x/dist/cdn.min.js:4
[      85ms] [WARNING] Alpine Warning: You can't use [x-collapse] without first installing the "Collapse" plugin here: https://alpinejs.dev/plugins/collapse JSHandle@node @ https://cdn.jsdelivr.net/npm/alpinejs@3.x.x/dist/cdn.min.js:4
[      85ms] [WARNING] Alpine Warning: You can't use [x-collapse] without first installing the "Collapse" plugin here: https://alpinejs.dev/plugins/collapse JSHandle@node @ https://cdn.jsdelivr.net/npm/alpinejs@3.x.x/dist/cdn.min.js:4
[      85ms] [WARNING] Alpine Warning: You can't use [x-collapse] without first installing the "Collapse" plugin here: https://alpinejs.dev/plugins/collapse JSHandle@node @ https://cdn.jsdelivr.net/npm/alpinejs@3.x.x/dist/cdn.min.js:4
[      86ms] [WARNING] Alpine Warning: You can't use [x-collapse] without first installing the "Collapse" plugin here: https://alpinejs.dev/plugins/collapse JSHandle@node @ https://cdn.jsdelivr.net/npm/alpinejs@3.x.x/dist/cdn.min.js:4
[      86ms] [WARNING] Alpine Warning: You can't use [x-collapse] without first installing the "Collapse" plugin here: https://alpinejs.dev/plugins/collapse JSHandle@node @ https://cdn.jsdelivr.net/npm/alpinejs@3.x.x/dist/cdn.min.js:4
[      86ms] [WARNING] Alpine Warning: You can't use [x-collapse] without first installing the "Collapse" plugin here: https://alpinejs.dev/plugins/collapse JSHandle@node @ https://cdn.jsdelivr.net/npm/alpinejs@3.x.x/dist/cdn.min.js:4
[      87ms] [WARNING] Alpine Warning: You can't use [x-collapse] without first installing the "Collapse" plugin here: https://alpinejs.dev/plugins/collapse JSHandle@node @ https://cdn.jsdelivr.net/npm/alpinejs@3.x.x/dist/cdn.min.js:4
[      87ms] [WARNING] Alpine Warning: You can't use [x-collapse] without first installing the "Collapse" plugin here: https://alpinejs.dev/plugins/collapse JSHandle@node @ https://cdn.jsdelivr.net/npm/alpinejs@3.x.x/dist/cdn.min.js:4
[      88ms] [WARNING] Alpine Warning: You can't use [x-collapse] without first installing the "Collapse" plugin here: https://alpinejs.dev/plugins/collapse JSHandle@node @ https://cdn.jsdelivr.net/npm/alpinejs@3.x.x/dist/cdn.min.js:4
[      88ms] [WARNING] Alpine Warning: You can't use [x-collapse] without first installing the "Collapse" plugin here: https://alpinejs.dev/plugins/collapse JSHandle@node @ https://cdn.jsdelivr.net/npm/alpinejs@3.x.x/dist/cdn.min.js:4
[      88ms] [WARNING] Alpine Warning: You can't use [x-collapse] without first installing the "Collapse" plugin here: https://alpinejs.dev/plugins/collapse JSHandle@node @ https://cdn.jsdelivr.net/npm/alpinejs@3.x.x/dist/cdn.min.js:4
[      89ms] [WARNING] Alpine Warning: You can't use [x-collapse] without first installing the "Collapse" plugin here: https://alpinejs.dev/plugins/collapse JSHandle@node @ https://cdn.jsdelivr.net/npm/alpinejs@3.x.x/dist/cdn.min.js:4
[      89ms] [WARNING] Alpine Warning: You can't use [x-collapse] without first installing the "Collapse" plugin here: https://alpinejs.dev/plugins/collapse JSHandle@node @ https://cdn.jsdelivr.net/npm/alpinejs@3.x.x/dist/cdn.min.js:4
[      89ms] [WARNING] Alpine Warning: You can't use [x-collapse] without first installing the "Collapse" plugin here: https://alpinejs.dev/plugins/collapse JSHandle@node @ https://cdn.jsdelivr.net/npm/alpinejs@3.x.x/dist/cdn.min.js:4
[      90ms] [WARNING] Alpine Expression Error: results is not defined

Expression: "!isProcessing && !errorMessage && results.length === 0 && sseResults.length === 0"

 JSHandle@node @ https://cdn.jsdelivr.net/npm/alpinejs@3.x.x/dist/cdn.min.js:0
[      98ms] Uncaught ReferenceError: results is not defined
    at [Alpine] !isProcessing && !errorMessage && results.length === 0 && sseResults.length === 0 (:2:65)
    at <anonymous> (https://cdn.jsdelivr.net/npm/alpinejs@3.x.x/dist/cdn.min.js:4:1152)
    at ur (https://cdn.jsdelivr.net/npm/alpinejs@3.x.x/dist/cdn.min.js:0:5137)
    at <anonymous> (https://cdn.jsdelivr.net/npm/alpinejs@3.x.x/dist/cdn.min.js:4:36790)
    at r (https://cdn.jsdelivr.net/npm/alpinejs@3.x.x/dist/cdn.min.js:4:19535)
    at mn (https://cdn.jsdelivr.net/npm/alpinejs@3.x.x/dist/cdn.min.js:4:19323)
    at D (https://cdn.jsdelivr.net/npm/alpinejs@3.x.x/dist/cdn.min.js:0:463)
    at <anonymous> (https://cdn.jsdelivr.net/npm/alpinejs@3.x.x/dist/cdn.min.js:0:576)
    at <anonymous> (https://cdn.jsdelivr.net/npm/alpinejs@3.x.x/dist/cdn.min.js:4:36784)
    at r (https://cdn.jsdelivr.net/npm/alpinejs@3.x.x/dist/cdn.min.js:4:3069)
    at n (https://cdn.jsdelivr.net/npm/alpinejs@3.x.x/dist/cdn.min.js:4:3099)
    at Er (https://cdn.jsdelivr.net/npm/alpinejs@3.x.x/dist/cdn.min.js:4:3109)
    at S (https://cdn.jsdelivr.net/npm/alpinejs@3.x.x/dist/cdn.min.js:4:5957)
    at <anonymous> (https://cdn.jsdelivr.net/npm/alpinejs@3.x.x/dist/cdn.min.js:4:5321)
    at Tr (https://cdn.jsdelivr.net/npm/alpinejs@3.x.x/dist/cdn.min.js:4:5309)
    at <anonymous> (https://cdn.jsdelivr.net/npm/alpinejs@3.x.x/dist/cdn.min.js:4:41206)
[   22562ms] [WARNING] Alpine Warning: You can't use [x-collapse] without first installing the "Collapse" plugin here: https://alpinejs.dev/plugins/collapse JSHandle@node @ https://cdn.jsdelivr.net/npm/alpinejs@3.x.x/dist/cdn.min.js:4
[   22563ms] [WARNING] Alpine Warning: You can't use [x-collapse] without first installing the "Collapse" plugin here: https://alpinejs.dev/plugins/collapse JSHandle@node @ https://cdn.jsdelivr.net/npm/alpinejs@3.x.x/dist/cdn.min.js:4
[   22565ms] [WARNING] Alpine Warning: You can't use [x-collapse] without first installing the "Collapse" plugin here: https://alpinejs.dev/plugins/collapse JSHandle@node @ https://cdn.jsdelivr.net/npm/alpinejs@3.x.x/dist/cdn.min.js:4
[   22565ms] [WARNING] Alpine Warning: You can't use [x-collapse] without first installing the "Collapse" plugin here: https://alpinejs.dev/plugins/collapse JSHandle@node @ https://cdn.jsdelivr.net/npm/alpinejs@3.x.x/dist/cdn.min.js:4
[   22566ms] [WARNING] Alpine Warning: You can't use [x-collapse] without first installing the "Collapse" plugin here: https://alpinejs.dev/plugins/collapse JSHandle@node @ https://cdn.jsdelivr.net/npm/alpinejs@3.x.x/dist/cdn.min.js:4
[   22566ms] [WARNING] Alpine Warning: You can't use [x-collapse] without first installing the "Collapse" plugin here: https://alpinejs.dev/plugins/collapse JSHandle@node @ https://cdn.jsdelivr.net/npm/alpinejs@3.x.x/dist/cdn.min.js:4
[   22567ms] [WARNING] Alpine Warning: You can't use [x-collapse] without first installing the "Collapse" plugin here: https://alpinejs.dev/plugins/collapse JSHandle@node @ https://cdn.jsdelivr.net/npm/alpinejs@3.x.x/dist/cdn.min.js:4
[   22567ms] [WARNING] Alpine Warning: You can't use [x-collapse] without first installing the "Collapse" plugin here: https://alpinejs.dev/plugins/collapse JSHandle@node @ https://cdn.jsdelivr.net/npm/alpinejs@3.x.x/dist/cdn.min.js:4
[   22567ms] [WARNING] Alpine Warning: You can't use [x-collapse] without first installing the "Collapse" plugin here: https://alpinejs.dev/plugins/collapse JSHandle@node @ https://cdn.jsdelivr.net/npm/alpinejs@3.x.x/dist/cdn.min.js:4
[   22568ms] [WARNING] Alpine Warning: You can't use [x-collapse] without first installing the "Collapse" plugin here: https://alpinejs.dev/plugins/collapse JSHandle@node @ https://cdn.jsdelivr.net/npm/alpinejs@3.x.x/dist/cdn.min.js:4
[   22568ms] [WARNING] Alpine Warning: You can't use [x-collapse] without first installing the "Collapse" plugin here: https://alpinejs.dev/plugins/collapse JSHandle@node @ https://cdn.jsdelivr.net/npm/alpinejs@3.x.x/dist/cdn.min.js:4
[   22568ms] [WARNING] Alpine Warning: You can't use [x-collapse] without first installing the "Collapse" plugin here: https://alpinejs.dev/plugins/collapse JSHandle@node @ https://cdn.jsdelivr.net/npm/alpinejs@3.x.x/dist/cdn.min.js:4
[   22569ms] [WARNING] Alpine Warning: You can't use [x-collapse] without first installing the "Collapse" plugin here: https://alpinejs.dev/plugins/collapse JSHandle@node @ https://cdn.jsdelivr.net/npm/alpinejs@3.x.x/dist/cdn.min.js:4
[   22570ms] [WARNING] Alpine Warning: You can't use [x-collapse] without first installing the "Collapse" plugin here: https://alpinejs.dev/plugins/collapse JSHandle@node @ https://cdn.jsdelivr.net/npm/alpinejs@3.x.x/dist/cdn.min.js:4
[   22571ms] [WARNING] Alpine Warning: You can't use [x-collapse] without first installing the "Collapse" plugin here: https://alpinejs.dev/plugins/collapse JSHandle@node @ https://cdn.jsdelivr.net/npm/alpinejs@3.x.x/dist/cdn.min.js:4
[   22571ms] [WARNING] Alpine Warning: You can't use [x-collapse] without first installing the "Collapse" plugin here: https://alpinejs.dev/plugins/collapse JSHandle@node @ https://cdn.jsdelivr.net/npm/alpinejs@3.x.x/dist/cdn.min.js:4
[   22571ms] [WARNING] Alpine Warning: You can't use [x-collapse] without first installing the "Collapse" plugin here: https://alpinejs.dev/plugins/collapse JSHandle@node @ https://cdn.jsdelivr.net/npm/alpinejs@3.x.x/dist/cdn.min.js:4
[   22572ms] [WARNING] Alpine Warning: You can't use [x-collapse] without first installing the "Collapse" plugin here: https://alpinejs.dev/plugins/collapse JSHandle@node @ https://cdn.jsdelivr.net/npm/alpinejs@3.x.x/dist/cdn.min.js:4
[   22572ms] [WARNING] Alpine Warning: You can't use [x-collapse] without first installing the "Collapse" plugin here: https://alpinejs.dev/plugins/collapse JSHandle@node @ https://cdn.jsdelivr.net/npm/alpinejs@3.x.x/dist/cdn.min.js:4
[   22572ms] [WARNING] Alpine Warning: You can't use [x-collapse] without first installing the "Collapse" plugin here: https://alpinejs.dev/plugins/collapse JSHandle@node @ https://cdn.jsdelivr.net/npm/alpinejs@3.x.x/dist/cdn.min.js:4
[   22573ms] [WARNING] Alpine Warning: You can't use [x-collapse] without first installing the "Collapse" plugin here: https://alpinejs.dev/plugins/collapse JSHandle@node @ https://cdn.jsdelivr.net/npm/alpinejs@3.x.x/dist/cdn.min.js:4
[   22574ms] [WARNING] Alpine Warning: You can't use [x-collapse] without first installing the "Collapse" plugin here: https://alpinejs.dev/plugins/collapse JSHandle@node @ https://cdn.jsdelivr.net/npm/alpinejs@3.x.x/dist/cdn.min.js:4
[   22575ms] [WARNING] Alpine Warning: You can't use [x-collapse] without first installing the "Collapse" plugin here: https://alpinejs.dev/plugins/collapse JSHandle@node @ https://cdn.jsdelivr.net/npm/alpinejs@3.x.x/dist/cdn.min.js:4
[   22575ms] [WARNING] Alpine Warning: You can't use [x-collapse] without first installing the "Collapse" plugin here: https://alpinejs.dev/plugins/collapse JSHandle@node @ https://cdn.jsdelivr.net/npm/alpinejs@3.x.x/dist/cdn.min.js:4
[   22576ms] [WARNING] Alpine Warning: You can't use [x-collapse] without first installing the "Collapse" plugin here: https://alpinejs.dev/plugins/collapse JSHandle@node @ https://cdn.jsdelivr.net/npm/alpinejs@3.x.x/dist/cdn.min.js:4
[   22576ms] [WARNING] Alpine Warning: You can't use [x-collapse] without first installing the "Collapse" plugin here: https://alpinejs.dev/plugins/collapse JSHandle@node @ https://cdn.jsdelivr.net/npm/alpinejs@3.x.x/dist/cdn.min.js:4
[   22576ms] [WARNING] Alpine Warning: You can't use [x-collapse] without first installing the "Collapse" plugin here: https://alpinejs.dev/plugins/collapse JSHandle@node @ https://cdn.jsdelivr.net/npm/alpinejs@3.x.x/dist/cdn.min.js:4
[   22577ms] [WARNING] Alpine Warning: You can't use [x-collapse] without first installing the "Collapse" plugin here: https://alpinejs.dev/plugins/collapse JSHandle@node @ https://cdn.jsdelivr.net/npm/alpinejs@3.x.x/dist/cdn.min.js:4
[   22577ms] [WARNING] Alpine Warning: You can't use [x-collapse] without first installing the "Collapse" plugin here: https://alpinejs.dev/plugins/collapse JSHandle@node @ https://cdn.jsdelivr.net/npm/alpinejs@3.x.x/dist/cdn.min.js:4
[   22577ms] [WARNING] Alpine Warning: You can't use [x-collapse] without first installing the "Collapse" plugin here: https://alpinejs.dev/plugins/collapse JSHandle@node @ https://cdn.jsdelivr.net/npm/alpinejs@3.x.x/dist/cdn.min.js:4
[   22578ms] [WARNING] Alpine Warning: You can't use [x-collapse] without first installing the "Collapse" plugin here: https://alpinejs.dev/plugins/collapse JSHandle@node @ https://cdn.jsdelivr.net/npm/alpinejs@3.x.x/dist/cdn.min.js:4
[   22579ms] [WARNING] Alpine Warning: You can't use [x-collapse] without first installing the "Collapse" plugin here: https://alpinejs.dev/plugins/collapse JSHandle@node @ https://cdn.jsdelivr.net/npm/alpinejs@3.x.x/dist/cdn.min.js:4
[   22580ms] [WARNING] Alpine Expression Error: results is not defined

Expression: "!isProcessing && !errorMessage && results.length === 0 && sseResults.length === 0"

 JSHandle@node @ https://cdn.jsdelivr.net/npm/alpinejs@3.x.x/dist/cdn.min.js:0
[   22587ms] Uncaught ReferenceError: results is not defined
    at [Alpine] !isProcessing && !errorMessage && results.length === 0 && sseResults.length === 0 (:2:65)
    at <anonymous> (https://cdn.jsdelivr.net/npm/alpinejs@3.x.x/dist/cdn.min.js:4:1152)
    at ur (https://cdn.jsdelivr.net/npm/alpinejs@3.x.x/dist/cdn.min.js:0:5137)
    at <anonymous> (https://cdn.jsdelivr.net/npm/alpinejs@3.x.x/dist/cdn.min.js:4:36790)
    at r (https://cdn.jsdelivr.net/npm/alpinejs@3.x.x/dist/cdn.min.js:4:19535)
    at mn (https://cdn.jsdelivr.net/npm/alpinejs@3.x.x/dist/cdn.min.js:4:19323)
    at D (https://cdn.jsdelivr.net/npm/alpinejs@3.x.x/dist/cdn.min.js:0:463)
    at <anonymous> (https://cdn.jsdelivr.net/npm/alpinejs@3.x.x/dist/cdn.min.js:0:576)
    at <anonymous> (https://cdn.jsdelivr.net/npm/alpinejs@3.x.x/dist/cdn.min.js:4:36784)
    at r (https://cdn.jsdelivr.net/npm/alpinejs@3.x.x/dist/cdn.min.js:4:3069)
    at n (https://cdn.jsdelivr.net/npm/alpinejs@3.x.x/dist/cdn.min.js:4:3099)
    at Er (https://cdn.jsdelivr.net/npm/alpinejs@3.x.x/dist/cdn.min.js:4:3109)
    at S (https://cdn.jsdelivr.net/npm/alpinejs@3.x.x/dist/cdn.min.js:4:5957)
    at <anonymous> (https://cdn.jsdelivr.net/npm/alpinejs@3.x.x/dist/cdn.min.js:4:5321)
    at Tr (https://cdn.jsdelivr.net/npm/alpinejs@3.x.x/dist/cdn.min.js:4:5309)
    at <anonymous> (https://cdn.jsdelivr.net/npm/alpinejs@3.x.x/dist/cdn.min.js:4:41206)
[   31282ms] [WARNING] Alpine Warning: You can't use [x-collapse] without first installing the "Collapse" plugin here: https://alpinejs.dev/plugins/collapse JSHandle@node @ https://cdn.jsdelivr.net/npm/alpinejs@3.x.x/dist/cdn.min.js:4
[   31283ms] [WARNING] Alpine Warning: You can't use [x-collapse] without first installing the "Collapse" plugin here: https://alpinejs.dev/plugins/collapse JSHandle@node @ https://cdn.jsdelivr.net/npm/alpinejs@3.x.x/dist/cdn.min.js:4
[   31283ms] [WARNING] Alpine Warning: You can't use [x-collapse] without first installing the "Collapse" plugin here: https://alpinejs.dev/plugins/collapse JSHandle@node @ https://cdn.jsdelivr.net/npm/alpinejs@3.x.x/dist/cdn.min.js:4
[   31284ms] [WARNING] Alpine Warning: You can't use [x-collapse] without first installing the "Collapse" plugin here: https://alpinejs.dev/plugins/collapse JSHandle@node @ https://cdn.jsdelivr.net/npm/alpinejs@3.x.x/dist/cdn.min.js:4
[   31285ms] [WARNING] Alpine Warning: You can't use [x-collapse] without first installing the "Collapse" plugin here: https://alpinejs.dev/plugins/collapse JSHandle@node @ https://cdn.jsdelivr.net/npm/alpinejs@3.x.x/dist/cdn.min.js:4
[   31285ms] [WARNING] Alpine Warning: You can't use [x-collapse] without first installing the "Collapse" plugin here: https://alpinejs.dev/plugins/collapse JSHandle@node @ https://cdn.jsdelivr.net/npm/alpinejs@3.x.x/dist/cdn.min.js:4
[   31286ms] [WARNING] Alpine Warning: You can't use [x-collapse] without first installing the "Collapse" plugin here: https://alpinejs.dev/plugins/collapse JSHandle@node @ https://cdn.jsdelivr.net/npm/alpinejs@3.x.x/dist/cdn.min.js:4
[   31286ms] [WARNING] Alpine Warning: You can't use [x-collapse] without first installing the "Collapse" plugin here: https://alpinejs.dev/plugins/collapse JSHandle@node @ https://cdn.jsdelivr.net/npm/alpinejs@3.x.x/dist/cdn.min.js:4
[   31286ms] [WARNING] Alpine Warning: You can't use [x-collapse] without first installing the "Collapse" plugin here: https://alpinejs.dev/plugins/collapse JSHandle@node @ https://cdn.jsdelivr.net/npm/alpinejs@3.x.x/dist/cdn.min.js:4
[   31287ms] [WARNING] Alpine Warning: You can't use [x-collapse] without first installing the "Collapse" plugin here: https://alpinejs.dev/plugins/collapse JSHandle@node @ https://cdn.jsdelivr.net/npm/alpinejs@3.x.x/dist/cdn.min.js:4
[   31288ms] [WARNING] Alpine Warning: You can't use [x-collapse] without first installing the "Collapse" plugin here: https://alpinejs.dev/plugins/collapse JSHandle@node @ https://cdn.jsdelivr.net/npm/alpinejs@3.x.x/dist/cdn.min.js:4
[   31288ms] [WARNING] Alpine Warning: You can't use [x-collapse] without first installing the "Collapse" plugin here: https://alpinejs.dev/plugins/collapse JSHandle@node @ https://cdn.jsdelivr.net/npm/alpinejs@3.x.x/dist/cdn.min.js:4
[   31288ms] [WARNING] Alpine Warning: You can't use [x-collapse] without first installing the "Collapse" plugin here: https://alpinejs.dev/plugins/collapse JSHandle@node @ https://cdn.jsdelivr.net/npm/alpinejs@3.x.x/dist/cdn.min.js:4
[   31289ms] [WARNING] Alpine Warning: You can't use [x-collapse] without first installing the "Collapse" plugin here: https://alpinejs.dev/plugins/collapse JSHandle@node @ https://cdn.jsdelivr.net/npm/alpinejs@3.x.x/dist/cdn.min.js:4
[   31289ms] [WARNING] Alpine Warning: You can't use [x-collapse] without first installing the "Collapse" plugin here: https://alpinejs.dev/plugins/collapse JSHandle@node @ https://cdn.jsdelivr.net/npm/alpinejs@3.x.x/dist/cdn.min.js:4
[   31289ms] [WARNING] Alpine Warning: You can't use [x-collapse] without first installing the "Collapse" plugin here: https://alpinejs.dev/plugins/collapse JSHandle@node @ https://cdn.jsdelivr.net/npm/alpinejs@3.x.x/dist/cdn.min.js:4
[   31290ms] [WARNING] Alpine Warning: You can't use [x-collapse] without first installing the "Collapse" plugin here: https://alpinejs.dev/plugins/collapse JSHandle@node @ https://cdn.jsdelivr.net/npm/alpinejs@3.x.x/dist/cdn.min.js:4
[   31290ms] [WARNING] Alpine Warning: You can't use [x-collapse] without first installing the "Collapse" plugin here: https://alpinejs.dev/plugins/collapse JSHandle@node @ https://cdn.jsdelivr.net/npm/alpinejs@3.x.x/dist/cdn.min.js:4
[   31291ms] [WARNING] Alpine Warning: You can't use [x-collapse] without first installing the "Collapse" plugin here: https://alpinejs.dev/plugins/collapse JSHandle@node @ https://cdn.jsdelivr.net/npm/alpinejs@3.x.x/dist/cdn.min.js:4
[   31291ms] [WARNING] Alpine Warning: You can't use [x-collapse] without first installing the "Collapse" plugin here: https://alpinejs.dev/plugins/collapse JSHandle@node @ https://cdn.jsdelivr.net/npm/alpinejs@3.x.x/dist/cdn.min.js:4
[   31291ms] [WARNING] Alpine Warning: You can't use [x-collapse] without first installing the "Collapse" plugin here: https://alpinejs.dev/plugins/collapse JSHandle@node @ https://cdn.jsdelivr.net/npm/alpinejs@3.x.x/dist/cdn.min.js:4
[   31292ms] [WARNING] Alpine Warning: You can't use [x-collapse] without first installing the "Collapse" plugin here: https://alpinejs.dev/plugins/collapse JSHandle@node @ https://cdn.jsdelivr.net/npm/alpinejs@3.x.x/dist/cdn.min.js:4
[   31293ms] [WARNING] Alpine Warning: You can't use [x-collapse] without first installing the "Collapse" plugin here: https://alpinejs.dev/plugins/collapse JSHandle@node @ https://cdn.jsdelivr.net/npm/alpinejs@3.x.x/dist/cdn.min.js:4
[   31294ms] [WARNING] Alpine Warning: You can't use [x-collapse] without first installing the "Collapse" plugin here: https://alpinejs.dev/plugins/collapse JSHandle@node @ https://cdn.jsdelivr.net/npm/alpinejs@3.x.x/dist/cdn.min.js:4
[   31294ms] [WARNING] Alpine Warning: You can't use [x-collapse] without first installing the "Collapse" plugin here: https://alpinejs.dev/plugins/collapse JSHandle@node @ https://cdn.jsdelivr.net/npm/alpinejs@3.x.x/dist/cdn.min.js:4
[   31295ms] [WARNING] Alpine Warning: You can't use [x-collapse] without first installing the "Collapse" plugin here: https://alpinejs.dev/plugins/collapse JSHandle@node @ https://cdn.jsdelivr.net/npm/alpinejs@3.x.x/dist/cdn.min.js:4
[   31295ms] [WARNING] Alpine Warning: You can't use [x-collapse] without first installing the "Collapse" plugin here: https://alpinejs.dev/plugins/collapse JSHandle@node @ https://cdn.jsdelivr.net/npm/alpinejs@3.x.x/dist/cdn.min.js:4
[   31295ms] [WARNING] Alpine Warning: You can't use [x-collapse] without first installing the "Collapse" plugin here: https://alpinejs.dev/plugins/collapse JSHandle@node @ https://cdn.jsdelivr.net/npm/alpinejs@3.x.x/dist/cdn.min.js:4
[   31296ms] [WARNING] Alpine Warning: You can't use [x-collapse] without first installing the "Collapse" plugin here: https://alpinejs.dev/plugins/collapse JSHandle@node @ https://cdn.jsdelivr.net/npm/alpinejs@3.x.x/dist/cdn.min.js:4
[   31296ms] [WARNING] Alpine Warning: You can't use [x-collapse] without first installing the "Collapse" plugin here: https://alpinejs.dev/plugins/collapse JSHandle@node @ https://cdn.jsdelivr.net/npm/alpinejs@3.x.x/dist/cdn.min.js:4
[   31297ms] [WARNING] Alpine Warning: You can't use [x-collapse] without first installing the "Collapse" plugin here: https://alpinejs.dev/plugins/collapse JSHandle@node @ https://cdn.jsdelivr.net/npm/alpinejs@3.x.x/dist/cdn.min.js:4
[   31297ms] [WARNING] Alpine Expression Error: results is not defined

Expression: "!isProcessing && !errorMessage && results.length === 0 && sseResults.length === 0"

 JSHandle@node @ https://cdn.jsdelivr.net/npm/alpinejs@3.x.x/dist/cdn.min.js:0
[   31306ms] Uncaught ReferenceError: results is not defined
    at [Alpine] !isProcessing && !errorMessage && results.length === 0 && sseResults.length === 0 (:2:65)
    at <anonymous> (https://cdn.jsdelivr.net/npm/alpinejs@3.x.x/dist/cdn.min.js:4:1152)
    at ur (https://cdn.jsdelivr.net/npm/alpinejs@3.x.x/dist/cdn.min.js:0:5137)
    at <anonymous> (https://cdn.jsdelivr.net/npm/alpinejs@3.x.x/dist/cdn.min.js:4:36790)
    at r (https://cdn.jsdelivr.net/npm/alpinejs@3.x.x/dist/cdn.min.js:4:19535)
    at mn (https://cdn.jsdelivr.net/npm/alpinejs@3.x.x/dist/cdn.min.js:4:19323)
    at D (https://cdn.jsdelivr.net/npm/alpinejs@3.x.x/dist/cdn.min.js:0:463)
    at <anonymous> (https://cdn.jsdelivr.net/npm/alpinejs@3.x.x/dist/cdn.min.js:0:576)
    at <anonymous> (https://cdn.jsdelivr.net/npm/alpinejs@3.x.x/dist/cdn.min.js:4:36784)
    at r (https://cdn.jsdelivr.net/npm/alpinejs@3.x.x/dist/cdn.min.js:4:3069)
    at n (https://cdn.jsdelivr.net/npm/alpinejs@3.x.x/dist/cdn.min.js:4:3099)
    at Er (https://cdn.jsdelivr.net/npm/alpinejs@3.x.x/dist/cdn.min.js:4:3109)
    at S (https://cdn.jsdelivr.net/npm/alpinejs@3.x.x/dist/cdn.min.js:4:5957)
    at <anonymous> (https://cdn.jsdelivr.net/npm/alpinejs@3.x.x/dist/cdn.min.js:4:5321)
    at Tr (https://cdn.jsdelivr.net/npm/alpinejs@3.x.x/dist/cdn.min.js:4:5309)
    at <anonymous> (https://cdn.jsdelivr.net/npm/alpinejs@3.x.x/dist/cdn.min.js:4:41206)
[   49564ms] [WARNING] Alpine Warning: You can't use [x-collapse] without first installing the "Collapse" plugin here: https://alpinejs.dev/plugins/collapse JSHandle@node @ https://cdn.jsdelivr.net/npm/alpinejs@3.x.x/dist/cdn.min.js:4
[   49565ms] [WARNING] Alpine Warning: You can't use [x-collapse] without first installing the "Collapse" plugin here: https://alpinejs.dev/plugins/collapse JSHandle@node @ https://cdn.jsdelivr.net/npm/alpinejs@3.x.x/dist/cdn.min.js:4
[   49566ms] [WARNING] Alpine Warning: You can't use [x-collapse] without first installing the "Collapse" plugin here: https://alpinejs.dev/plugins/collapse JSHandle@node @ https://cdn.jsdelivr.net/npm/alpinejs@3.x.x/dist/cdn.min.js:4
[   49567ms] [WARNING] Alpine Warning: You can't use [x-collapse] without first installing the "Collapse" plugin here: https://alpinejs.dev/plugins/collapse JSHandle@node @ https://cdn.jsdelivr.net/npm/alpinejs@3.x.x/dist/cdn.min.js:4
[   49567ms] [WARNING] Alpine Warning: You can't use [x-collapse] without first installing the "Collapse" plugin here: https://alpinejs.dev/plugins/collapse JSHandle@node @ https://cdn.jsdelivr.net/npm/alpinejs@3.x.x/dist/cdn.min.js:4
[   49567ms] [WARNING] Alpine Warning: You can't use [x-collapse] without first installing the "Collapse" plugin here: https://alpinejs.dev/plugins/collapse JSHandle@node @ https://cdn.jsdelivr.net/npm/alpinejs@3.x.x/dist/cdn.min.js:4
[   49568ms] [WARNING] Alpine Warning: You can't use [x-collapse] without first installing the "Collapse" plugin here: https://alpinejs.dev/plugins/collapse JSHandle@node @ https://cdn.jsdelivr.net/npm/alpinejs@3.x.x/dist/cdn.min.js:4
[   49568ms] [WARNING] Alpine Warning: You can't use [x-collapse] without first installing the "Collapse" plugin here: https://alpinejs.dev/plugins/collapse JSHandle@node @ https://cdn.jsdelivr.net/npm/alpinejs@3.x.x/dist/cdn.min.js:4
[   49569ms] [WARNING] Alpine Warning: You can't use [x-collapse] without first installing the "Collapse" plugin here: https://alpinejs.dev/plugins/collapse JSHandle@node @ https://cdn.jsdelivr.net/npm/alpinejs@3.x.x/dist/cdn.min.js:4
[   49570ms] [WARNING] Alpine Warning: You can't use [x-collapse] without first installing the "Collapse" plugin here: https://alpinejs.dev/plugins/collapse JSHandle@node @ https://cdn.jsdelivr.net/npm/alpinejs@3.x.x/dist/cdn.min.js:4
[   49570ms] [WARNING] Alpine Warning: You can't use [x-collapse] without first installing the "Collapse" plugin here: https://alpinejs.dev/plugins/collapse JSHandle@node @ https://cdn.jsdelivr.net/npm/alpinejs@3.x.x/dist/cdn.min.js:4
[   49570ms] [WARNING] Alpine Warning: You can't use [x-collapse] without first installing the "Collapse" plugin here: https://alpinejs.dev/plugins/collapse JSHandle@node @ https://cdn.jsdelivr.net/npm/alpinejs@3.x.x/dist/cdn.min.js:4
[   49571ms] [WARNING] Alpine Warning: You can't use [x-collapse] without first installing the "Collapse" plugin here: https://alpinejs.dev/plugins/collapse JSHandle@node @ https://cdn.jsdelivr.net/npm/alpinejs@3.x.x/dist/cdn.min.js:4
[   49572ms] [WARNING] Alpine Warning: You can't use [x-collapse] without first installing the "Collapse" plugin here: https://alpinejs.dev/plugins/collapse JSHandle@node @ https://cdn.jsdelivr.net/npm/alpinejs@3.x.x/dist/cdn.min.js:4
[   49573ms] [WARNING] Alpine Warning: You can't use [x-collapse] without first installing the "Collapse" plugin here: https://alpinejs.dev/plugins/collapse JSHandle@node @ https://cdn.jsdelivr.net/npm/alpinejs@3.x.x/dist/cdn.min.js:4
[   49573ms] [WARNING] Alpine Warning: You can't use [x-collapse] without first installing the "Collapse" plugin here: https://alpinejs.dev/plugins/collapse JSHandle@node @ https://cdn.jsdelivr.net/npm/alpinejs@3.x.x/dist/cdn.min.js:4
[   49573ms] [WARNING] Alpine Warning: You can't use [x-collapse] without first installing the "Collapse" plugin here: https://alpinejs.dev/plugins/collapse JSHandle@node @ https://cdn.jsdelivr.net/npm/alpinejs@3.x.x/dist/cdn.min.js:4
[   49574ms] [WARNING] Alpine Warning: You can't use [x-collapse] without first installing the "Collapse" plugin here: https://alpinejs.dev/plugins/collapse JSHandle@node @ https://cdn.jsdelivr.net/npm/alpinejs@3.x.x/dist/cdn.min.js:4
[   49575ms] [WARNING] Alpine Warning: You can't use [x-collapse] without first installing the "Collapse" plugin here: https://alpinejs.dev/plugins/collapse JSHandle@node @ https://cdn.jsdelivr.net/npm/alpinejs@3.x.x/dist/cdn.min.js:4
[   49575ms] [WARNING] Alpine Warning: You can't use [x-collapse] without first installing the "Collapse" plugin here: https://alpinejs.dev/plugins/collapse JSHandle@node @ https://cdn.jsdelivr.net/npm/alpinejs@3.x.x/dist/cdn.min.js:4
[   49575ms] [WARNING] Alpine Warning: You can't use [x-collapse] without first installing the "Collapse" plugin here: https://alpinejs.dev/plugins/collapse JSHandle@node @ https://cdn.jsdelivr.net/npm/alpinejs@3.x.x/dist/cdn.min.js:4
[   49576ms] [WARNING] Alpine Warning: You can't use [x-collapse] without first installing the "Collapse" plugin here: https://alpinejs.dev/plugins/collapse JSHandle@node @ https://cdn.jsdelivr.net/npm/alpinejs@3.x.x/dist/cdn.min.js:4
[   49576ms] [WARNING] Alpine Warning: You can't use [x-collapse] without first installing the "Collapse" plugin here: https://alpinejs.dev/plugins/collapse JSHandle@node @ https://cdn.jsdelivr.net/npm/alpinejs@3.x.x/dist/cdn.min.js:4
[   49576ms] [WARNING] Alpine Warning: You can't use [x-collapse] without first installing the "Collapse" plugin here: https://alpinejs.dev/plugins/collapse JSHandle@node @ https://cdn.jsdelivr.net/npm/alpinejs@3.x.x/dist/cdn.min.js:4
[   49577ms] [WARNING] Alpine Warning: You can't use [x-collapse] without first installing the "Collapse" plugin here: https://alpinejs.dev/plugins/collapse JSHandle@node @ https://cdn.jsdelivr.net/npm/alpinejs@3.x.x/dist/cdn.min.js:4
[   49577ms] [WARNING] Alpine Warning: You can't use [x-collapse] without first installing the "Collapse" plugin here: https://alpinejs.dev/plugins/collapse JSHandle@node @ https://cdn.jsdelivr.net/npm/alpinejs@3.x.x/dist/cdn.min.js:4
[   49578ms] [WARNING] Alpine Warning: You can't use [x-collapse] without first installing the "Collapse" plugin here: https://alpinejs.dev/plugins/collapse JSHandle@node @ https://cdn.jsdelivr.net/npm/alpinejs@3.x.x/dist/cdn.min.js:4
[   49578ms] [WARNING] Alpine Warning: You can't use [x-collapse] without first installing the "Collapse" plugin here: https://alpinejs.dev/plugins/collapse JSHandle@node @ https://cdn.jsdelivr.net/npm/alpinejs@3.x.x/dist/cdn.min.js:4
[   49578ms] [WARNING] Alpine Warning: You can't use [x-collapse] without first installing the "Collapse" plugin here: https://alpinejs.dev/plugins/collapse JSHandle@node @ https://cdn.jsdelivr.net/npm/alpinejs@3.x.x/dist/cdn.min.js:4
[   49579ms] [WARNING] Alpine Expression Error: results is not defined

Expression: "!isProcessing && !errorMessage && results.length === 0 && sseResults.length === 0"

 JSHandle@node @ https://cdn.jsdelivr.net/npm/alpinejs@3.x.x/dist/cdn.min.js:0
[   49586ms] Uncaught ReferenceError: results is not defined
    at [Alpine] !isProcessing && !errorMessage && results.length === 0 && sseResults.length === 0 (:2:65)
    at <anonymous> (https://cdn.jsdelivr.net/npm/alpinejs@3.x.x/dist/cdn.min.js:4:1152)
    at ur (https://cdn.jsdelivr.net/npm/alpinejs@3.x.x/dist/cdn.min.js:0:5137)
    at <anonymous> (https://cdn.jsdelivr.net/npm/alpinejs@3.x.x/dist/cdn.min.js:4:36790)
    at r (https://cdn.jsdelivr.net/npm/alpinejs@3.x.x/dist/cdn.min.js:4:19535)
    at mn (https://cdn.jsdelivr.net/npm/alpinejs@3.x.x/dist/cdn.min.js:4:19323)
    at D (https://cdn.jsdelivr.net/npm/alpinejs@3.x.x/dist/cdn.min.js:0:463)
    at <anonymous> (https://cdn.jsdelivr.net/npm/alpinejs@3.x.x/dist/cdn.min.js:0:576)
    at <anonymous> (https://cdn.jsdelivr.net/npm/alpinejs@3.x.x/dist/cdn.min.js:4:36784)
    at r (https://cdn.jsdelivr.net/npm/alpinejs@3.x.x/dist/cdn.min.js:4:3069)
    at n (https://cdn.jsdelivr.net/npm/alpinejs@3.x.x/dist/cdn.min.js:4:3099)
    at Er (https://cdn.jsdelivr.net/npm/alpinejs@3.x.x/dist/cdn.min.js:4:3109)
    at S (https://cdn.jsdelivr.net/npm/alpinejs@3.x.x/dist/cdn.min.js:4:5957)
    at <anonymous> (https://cdn.jsdelivr.net/npm/alpinejs@3.x.x/dist/cdn.min.js:4:5321)
    at Tr (https://cdn.jsdelivr.net/npm/alpinejs@3.x.x/dist/cdn.min.js:4:5309)
    at <anonymous> (https://cdn.jsdelivr.net/npm/alpinejs@3.x.x/dist/cdn.min.js:4:41206)
[   80081ms] [WARNING] Alpine Warning: You can't use [x-collapse] without first installing the "Collapse" plugin here: https://alpinejs.dev/plugins/collapse JSHandle@node @ https://cdn.jsdelivr.net/npm/alpinejs@3.x.x/dist/cdn.min.js:4
[   80082ms] [WARNING] Alpine Warning: You can't use [x-collapse] without first installing the "Collapse" plugin here: https://alpinejs.dev/plugins/collapse JSHandle@node @ https://cdn.jsdelivr.net/npm/alpinejs@3.x.x/dist/cdn.min.js:4
[   80083ms] [WARNING] Alpine Warning: You can't use [x-collapse] without first installing the "Collapse" plugin here: https://alpinejs.dev/plugins/collapse JSHandle@node @ https://cdn.jsdelivr.net/npm/alpinejs@3.x.x/dist/cdn.min.js:4
[   80084ms] [WARNING] Alpine Warning: You can't use [x-collapse] without first installing the "Collapse" plugin here: https://alpinejs.dev/plugins/collapse JSHandle@node @ https://cdn.jsdelivr.net/npm/alpinejs@3.x.x/dist/cdn.min.js:4
[   80084ms] [WARNING] Alpine Warning: You can't use [x-collapse] without first installing the "Collapse" plugin here: https://alpinejs.dev/plugins/collapse JSHandle@node @ https://cdn.jsdelivr.net/npm/alpinejs@3.x.x/dist/cdn.min.js:4
[   80085ms] [WARNING] Alpine Warning: You can't use [x-collapse] without first installing the "Collapse" plugin here: https://alpinejs.dev/plugins/collapse JSHandle@node @ https://cdn.jsdelivr.net/npm/alpinejs@3.x.x/dist/cdn.min.js:4
[   80086ms] [WARNING] Alpine Warning: You can't use [x-collapse] without first installing the "Collapse" plugin here: https://alpinejs.dev/plugins/collapse JSHandle@node @ https://cdn.jsdelivr.net/npm/alpinejs@3.x.x/dist/cdn.min.js:4
[   80087ms] [WARNING] Alpine Warning: You can't use [x-collapse] without first installing the "Collapse" plugin here: https://alpinejs.dev/plugins/collapse JSHandle@node @ https://cdn.jsdelivr.net/npm/alpinejs@3.x.x/dist/cdn.min.js:4
[   80087ms] [WARNING] Alpine Warning: You can't use [x-collapse] without first installing the "Collapse" plugin here: https://alpinejs.dev/plugins/collapse JSHandle@node @ https://cdn.jsdelivr.net/npm/alpinejs@3.x.x/dist/cdn.min.js:4
[   80088ms] [WARNING] Alpine Warning: You can't use [x-collapse] without first installing the "Collapse" plugin here: https://alpinejs.dev/plugins/collapse JSHandle@node @ https://cdn.jsdelivr.net/npm/alpinejs@3.x.x/dist/cdn.min.js:4
[   80088ms] [WARNING] Alpine Warning: You can't use [x-collapse] without first installing the "Collapse" plugin here: https://alpinejs.dev/plugins/collapse JSHandle@node @ https://cdn.jsdelivr.net/npm/alpinejs@3.x.x/dist/cdn.min.js:4
[   80090ms] [WARNING] Alpine Warning: You can't use [x-collapse] without first installing the "Collapse" plugin here: https://alpinejs.dev/plugins/collapse JSHandle@node @ https://cdn.jsdelivr.net/npm/alpinejs@3.x.x/dist/cdn.min.js:4
[   80090ms] [WARNING] Alpine Warning: You can't use [x-collapse] without first installing the "Collapse" plugin here: https://alpinejs.dev/plugins/collapse JSHandle@node @ https://cdn.jsdelivr.net/npm/alpinejs@3.x.x/dist/cdn.min.js:4
[   80090ms] [WARNING] Alpine Warning: You can't use [x-collapse] without first installing the "Collapse" plugin here: https://alpinejs.dev/plugins/collapse JSHandle@node @ https://cdn.jsdelivr.net/npm/alpinejs@3.x.x/dist/cdn.min.js:4
[   80091ms] [WARNING] Alpine Warning: You can't use [x-collapse] without first installing the "Collapse" plugin here: https://alpinejs.dev/plugins/collapse JSHandle@node @ https://cdn.jsdelivr.net/npm/alpinejs@3.x.x/dist/cdn.min.js:4
[   80091ms] [WARNING] Alpine Warning: You can't use [x-collapse] without first installing the "Collapse" plugin here: https://alpinejs.dev/plugins/collapse JSHandle@node @ https://cdn.jsdelivr.net/npm/alpinejs@3.x.x/dist/cdn.min.js:4
[   80092ms] [WARNING] Alpine Warning: You can't use [x-collapse] without first installing the "Collapse" plugin here: https://alpinejs.dev/plugins/collapse JSHandle@node @ https://cdn.jsdelivr.net/npm/alpinejs@3.x.x/dist/cdn.min.js:4
[   80092ms] [WARNING] Alpine Warning: You can't use [x-collapse] without first installing the "Collapse" plugin here: https://alpinejs.dev/plugins/collapse JSHandle@node @ https://cdn.jsdelivr.net/npm/alpinejs@3.x.x/dist/cdn.min.js:4
[   80093ms] [WARNING] Alpine Warning: You can't use [x-collapse] without first installing the "Collapse" plugin here: https://alpinejs.dev/plugins/collapse JSHandle@node @ https://cdn.jsdelivr.net/npm/alpinejs@3.x.x/dist/cdn.min.js:4
[   80093ms] [WARNING] Alpine Warning: You can't use [x-collapse] without first installing the "Collapse" plugin here: https://alpinejs.dev/plugins/collapse JSHandle@node @ https://cdn.jsdelivr.net/npm/alpinejs@3.x.x/dist/cdn.min.js:4
[   80094ms] [WARNING] Alpine Warning: You can't use [x-collapse] without first installing the "Collapse" plugin here: https://alpinejs.dev/plugins/collapse JSHandle@node @ https://cdn.jsdelivr.net/npm/alpinejs@3.x.x/dist/cdn.min.js:4
[   80094ms] [WARNING] Alpine Warning: You can't use [x-collapse] without first installing the "Collapse" plugin here: https://alpinejs.dev/plugins/collapse JSHandle@node @ https://cdn.jsdelivr.net/npm/alpinejs@3.x.x/dist/cdn.min.js:4
[   80094ms] [WARNING] Alpine Warning: You can't use [x-collapse] without first installing the "Collapse" plugin here: https://alpinejs.dev/plugins/collapse JSHandle@node @ https://cdn.jsdelivr.net/npm/alpinejs@3.x.x/dist/cdn.min.js:4
[   80096ms] [WARNING] Alpine Warning: You can't use [x-collapse] without first installing the "Collapse" plugin here: https://alpinejs.dev/plugins/collapse JSHandle@node @ https://cdn.jsdelivr.net/npm/alpinejs@3.x.x/dist/cdn.min.js:4
[   80097ms] [WARNING] Alpine Warning: You can't use [x-collapse] without first installing the "Collapse" plugin here: https://alpinejs.dev/plugins/collapse JSHandle@node @ https://cdn.jsdelivr.net/npm/alpinejs@3.x.x/dist/cdn.min.js:4
[   80097ms] [WARNING] Alpine Warning: You can't use [x-collapse] without first installing the "Collapse" plugin here: https://alpinejs.dev/plugins/collapse JSHandle@node @ https://cdn.jsdelivr.net/npm/alpinejs@3.x.x/dist/cdn.min.js:4
[   80098ms] [WARNING] Alpine Expression Error: results is not defined

Expression: "!isProcessing && !errorMessage && results.length === 0 && sseResults.length === 0"

 JSHandle@node @ https://cdn.jsdelivr.net/npm/alpinejs@3.x.x/dist/cdn.min.js:0
[   80104ms] Uncaught ReferenceError: results is not defined
    at [Alpine] !isProcessing && !errorMessage && results.length === 0 && sseResults.length === 0 (:2:65)
    at <anonymous> (https://cdn.jsdelivr.net/npm/alpinejs@3.x.x/dist/cdn.min.js:4:1152)
    at ur (https://cdn.jsdelivr.net/npm/alpinejs@3.x.x/dist/cdn.min.js:0:5137)
    at <anonymous> (https://cdn.jsdelivr.net/npm/alpinejs@3.x.x/dist/cdn.min.js:4:36790)
    at r (https://cdn.jsdelivr.net/npm/alpinejs@3.x.x/dist/cdn.min.js:4:19535)
    at mn (https://cdn.jsdelivr.net/npm/alpinejs@3.x.x/dist/cdn.min.js:4:19323)
    at D (https://cdn.jsdelivr.net/npm/alpinejs@3.x.x/dist/cdn.min.js:0:463)
    at <anonymous> (https://cdn.jsdelivr.net/npm/alpinejs@3.x.x/dist/cdn.min.js:0:576)
    at <anonymous> (https://cdn.jsdelivr.net/npm/alpinejs@3.x.x/dist/cdn.min.js:4:36784)
    at r (https://cdn.jsdelivr.net/npm/alpinejs@3.x.x/dist/cdn.min.js:4:3069)
    at n (https://cdn.jsdelivr.net/npm/alpinejs@3.x.x/dist/cdn.min.js:4:3099)
    at Er (https://cdn.jsdelivr.net/npm/alpinejs@3.x.x/dist/cdn.min.js:4:3109)
    at S (https://cdn.jsdelivr.net/npm/alpinejs@3.x.x/dist/cdn.min.js:4:5957)
    at <anonymous> (https://cdn.jsdelivr.net/npm/alpinejs@3.x.x/dist/cdn.min.js:4:5321)
    at Tr (https://cdn.jsdelivr.net/npm/alpinejs@3.x.x/dist/cdn.min.js:4:5309)
    at <anonymous> (https://cdn.jsdelivr.net/npm/alpinejs@3.x.x/dist/cdn.min.js:4:41206)
